0 verbose cli C:\Program Files\nodejs\node.exe C:\Users\JUVANA\AppData\Roaming\npm\node_modules\npm\bin\npm-cli.js
1 info using npm@8.13.2
2 info using node@v16.16.0
3 timing npm:load:whichnode Completed in 0ms
4 timing config:load:defaults Completed in 2ms
5 timing config:load:file:C:\Users\JUVANA\AppData\Roaming\npm\node_modules\npm\npmrc Completed in 3ms
6 timing config:load:builtin Completed in 4ms
7 timing config:load:cli Completed in 3ms
8 timing config:load:env Completed in 2ms
9 timing config:load:file:C:\Users\Juana\Documents\IITM\Shaastra WebOps\Shaastra App\Shaastra-WebOps-project\.npmrc Completed in 0ms
10 timing config:load:project Completed in 5ms
11 timing config:load:file:C:\Users\JUVANA\.npmrc Completed in 2ms
12 timing config:load:user Completed in 2ms
13 timing config:load:file:C:\Users\JUVANA\AppData\Roaming\npm\etc\npmrc Completed in 1ms
14 timing config:load:global Completed in 1ms
15 timing config:load:validate Completed in 1ms
16 timing config:load:credentials Completed in 1ms
17 timing config:load:setEnvs Completed in 2ms
18 timing config:load Completed in 23ms
19 timing npm:load:configload Completed in 24ms
20 timing npm:load:mkdirpcache Completed in 1ms
21 timing npm:load:mkdirplogs Completed in 0ms
22 verbose title npm run start
23 verbose argv "run" "start"
24 timing npm:load:setTitle Completed in 2ms
25 timing config:load:flatten Completed in 5ms
26 timing npm:load:display Completed in 8ms
27 verbose logfile logs-max:10 dir:C:\Users\Juana\Documents\IITM\Shaastra WebOps\Shaastra App\Shaastra-WebOps-project\src\_logs
28 verbose logfile C:\Users\Juana\Documents\IITM\Shaastra WebOps\Shaastra App\Shaastra-WebOps-project\src\_logs\2022-10-05T20_17_41_907Z-debug-0.log
29 timing npm:load:logFile Completed in 211ms
30 timing npm:load:timers Completed in 0ms
31 timing npm:load:configScope Completed in 0ms
32 timing npm:load Completed in 248ms
33 silly logfile done cleaning log files
34 timing command:run Completed in 165ms
35 verbose exit 1
36 timing npm Completed in 436ms
37 verbose code 1
